<?xml version="1.0" encoding="UTF-8"?>
<testsuites name="jest tests" tests="32" failures="0" errors="0" time="22.138">
  <testsuite name="ExecutionModel model" errors="0" failures="0" skipped="0" timestamp="2022-07-28T09:02:09" time="12.974" tests="3">
    <testcase classname="ExecutionModel model Should create a new execution Cycle as task Model and execute It action:ON" name="ExecutionModel model Should create a new execution Cycle as task Model and execute It action:ON" time="0.003">
    </testcase>
    <testcase classname="ExecutionModel model Should create a new execution Cycle as task Model and execute It action:OFF 1" name="ExecutionModel model Should create a new execution Cycle as task Model and execute It action:OFF 1" time="0.002">
    </testcase>
    <testcase classname="ExecutionModel model Should create a new execution Cycle as task Model and execute It action:OFF 2" name="ExecutionModel model Should create a new execution Cycle as task Model and execute It action:OFF 2" time="0.001">
    </testcase>
  </testsuite>
  <testsuite name="SequenceModel model" errors="0" failures="0" skipped="0" timestamp="2022-07-28T09:02:10" time="13.075" tests="2">
    <testcase classname="SequenceModel model Should create a new sequence Model" name="SequenceModel model Should create a new sequence Model" time="0.006">
    </testcase>
    <testcase classname="SequenceModel model Should create a new sequence Model &amp; reset it" name="SequenceModel model Should create a new sequence Model &amp; reset it" time="0.025">
    </testcase>
  </testsuite>
  <testsuite name="CyleModel model" errors="0" failures="0" skipped="0" timestamp="2022-07-28T09:02:10" time="13.175" tests="5">
    <testcase classname="CyleModel model Should create a new cycle Model &amp; check its struct validity" name="CyleModel model Should create a new cycle Model &amp; check its struct validity" time="0.017">
    </testcase>
    <testcase classname="CyleModel model Should create a new cycle Model &amp; and exectStruct" name="CyleModel model Should create a new cycle Model &amp; and exectStruct" time="0.003">
    </testcase>
    <testcase classname="CyleModel model Should create a new cycle Model &amp; and get modules" name="CyleModel model Should create a new cycle Model &amp; and get modules" time="0.001">
    </testcase>
    <testcase classname="CyleModel model Should create a new cycle Model &amp; and check if module exists in this cycle" name="CyleModel model Should create a new cycle Model &amp; and check if module exists in this cycle" time="0.001">
    </testcase>
    <testcase classname="CyleModel model Should create a new cycle Model &amp; and reset it" name="CyleModel model Should create a new cycle Model &amp; and reset it" time="0.005">
    </testcase>
  </testsuite>
  <testsuite name="ModuleModel model" errors="0" failures="0" skipped="0" timestamp="2022-07-28T09:02:09" time="14.171" tests="4">
    <testcase classname="ModuleModel model Should create a new module Model" name="ModuleModel model Should create a new module Model" time="0.076">
    </testcase>
    <testcase classname="ModuleModel model Should create a new module Model &amp; reconfigure module" name="ModuleModel model Should create a new module Model &amp; reconfigure module" time="0.001">
    </testcase>
    <testcase classname="ModuleModel model Should create a new module Model &amp; switch on wait 500 then switch off" name="ModuleModel model Should create a new module Model &amp; switch on wait 500 then switch off" time="2.002">
    </testcase>
    <testcase classname="ModuleModel model Should create a new module Model &amp; must raise error " name="ModuleModel model Should create a new module Model &amp; must raise error " time="0.011">
    </testcase>
  </testsuite>
  <testsuite name="SocketIoClientProxyService" errors="0" failures="0" skipped="0" timestamp="2022-07-28T09:02:09" time="14.42" tests="5">
    <testcase classname="SocketIoClientProxyService should be defined" name="SocketIoClientProxyService should be defined" time="0.126">
    </testcase>
    <testcase classname="SocketIoClientProxyService should connect" name="SocketIoClientProxyService should connect" time="0.024">
    </testcase>
    <testcase classname="SocketIoClientProxyService should close" name="SocketIoClientProxyService should close" time="0.007">
    </testcase>
    <testcase classname="SocketIoClientProxyService should dispatch" name="SocketIoClientProxyService should dispatch" time="0.273">
    </testcase>
    <testcase classname="SocketIoClientProxyService should dispatch timeout" name="SocketIoClientProxyService should dispatch timeout" time="0.08">
    </testcase>
  </testsuite>
  <testsuite name="Process use case test" errors="0" failures="0" skipped="0" timestamp="2022-07-28T09:02:23" time="1.195" tests="1">
    <testcase classname="Process use case test Should execute process and return a response dto" name="Process use case test Should execute process and return a response dto" time="0.004">
    </testcase>
  </testsuite>
  <testsuite name="SocketIoClientProvider" errors="0" failures="0" skipped="0" timestamp="2022-07-28T09:02:23" time="2.008" tests="1">
    <testcase classname="SocketIoClientProvider should be defined" name="SocketIoClientProvider should be defined" time="0.056">
    </testcase>
  </testsuite>
  <testsuite name="SocketIoClientStrategy" errors="0" failures="0" skipped="0" timestamp="2022-07-28T09:02:23" time="2.391" tests="2">
    <testcase classname="SocketIoClientStrategy should be defined" name="SocketIoClientStrategy should be defined" time="0.135">
    </testcase>
    <testcase classname="SocketIoClientStrategy &amp; reuses provider.getSocket() should be defined" name="SocketIoClientStrategy &amp; reuses provider.getSocket() should be defined" time="0.075">
    </testcase>
  </testsuite>
  <testsuite name="StructureModel model" errors="0" failures="0" skipped="0" timestamp="2022-07-28T09:02:24" time="1.698" tests="1">
    <testcase classname="StructureModel model Should create a new structure Model" name="StructureModel model Should create a new structure Model" time="0.003">
    </testcase>
  </testsuite>
  <testsuite name="Process use case test" errors="0" failures="0" skipped="0" timestamp="2022-07-28T09:02:09" time="16.305" tests="1">
    <testcase classname="Process use case test Should execute process and return a response dto" name="Process use case test Should execute process and return a response dto" time="0.003">
    </testcase>
  </testsuite>
  <testsuite name="Notification Service unit testing " errors="0" failures="0" skipped="0" timestamp="2022-07-28T09:02:09" time="20.301" tests="7">
    <testcase classname="Notification Service unit testing  Should execute process &amp; check status IN_PROCESS/STOPPED" name="Notification Service unit testing  Should execute process &amp; check status IN_PROCESS/STOPPED" time="1.249">
    </testcase>
    <testcase classname="Notification Service unit testing  Should switch process ON/OFF" name="Notification Service unit testing  Should switch process ON/OFF" time="1.011">
    </testcase>
    <testcase classname="Notification Service unit testing  Should manage conflicted processes" name="Notification Service unit testing  Should manage conflicted processes" time="1.022">
    </testcase>
    <testcase classname="Notification Service unit testing  Should execute proccess in queue mode" name="Notification Service unit testing  Should execute proccess in queue mode" time="0.013">
    </testcase>
    <testcase classname="Notification Service unit testing  Should return all notifications check conflicted" name="Notification Service unit testing  Should return all notifications check conflicted" time="1.013">
    </testcase>
    <testcase classname="Notification Service unit testing  Should fire error invalid Error struct" name="Notification Service unit testing  Should fire error invalid Error struct" time="0.006">
    </testcase>
    <testcase classname="Notification Service unit testing  Should manage async error on port configuration" name="Notification Service unit testing  Should manage async error on port configuration" time="1.007">
    </testcase>
  </testsuite>
</testsuites>