<?xml version="1.0" encoding="UTF-8"?>
<testsuites name="jest tests" tests="38" failures="0" errors="0" time="16.734">
  <testsuite name="CyleModel model" errors="0" failures="0" skipped="0" timestamp="2022-07-08T15:06:30" time="9.069" tests="5">
    <testcase classname="CyleModel model Should create a new cycle Model &amp; check its struct validity" name="CyleModel model Should create a new cycle Model &amp; check its struct validity" time="0.006">
    </testcase>
    <testcase classname="CyleModel model Should create a new cycle Model &amp; and exectStruct" name="CyleModel model Should create a new cycle Model &amp; and exectStruct" time="0.002">
    </testcase>
    <testcase classname="CyleModel model Should create a new cycle Model &amp; and get modules" name="CyleModel model Should create a new cycle Model &amp; and get modules" time="0.001">
    </testcase>
    <testcase classname="CyleModel model Should create a new cycle Model &amp; and check if module exists in this cycle" name="CyleModel model Should create a new cycle Model &amp; and check if module exists in this cycle" time="0.001">
    </testcase>
    <testcase classname="CyleModel model Should create a new cycle Model &amp; and reset it" name="CyleModel model Should create a new cycle Model &amp; and reset it" time="0.003">
    </testcase>
  </testsuite>
  <testsuite name="AppController" errors="0" failures="0" skipped="0" timestamp="2022-07-08T15:06:30" time="10.351" tests="1">
    <testcase classname="AppController root should return &quot;Hello World!&quot;" name="AppController root should return &quot;Hello World!&quot;" time="0.031">
    </testcase>
  </testsuite>
  <testsuite name="SocketIoClientProvider" errors="0" failures="0" skipped="0" timestamp="2022-07-08T15:06:30" time="10.509" tests="1">
    <testcase classname="SocketIoClientProvider should be defined" name="SocketIoClientProvider should be defined" time="0.022">
    </testcase>
  </testsuite>
  <testsuite name="SocketIoClientStrategy" errors="0" failures="0" skipped="0" timestamp="2022-07-08T15:06:31" time="10.436" tests="2">
    <testcase classname="SocketIoClientStrategy should be defined" name="SocketIoClientStrategy should be defined" time="0.03">
    </testcase>
    <testcase classname="SocketIoClientStrategy &amp; reuses provider.getSocket() should be defined" name="SocketIoClientStrategy &amp; reuses provider.getSocket() should be defined" time="0.012">
    </testcase>
  </testsuite>
  <testsuite name="SocketIoClientProxyService" errors="0" failures="0" skipped="0" timestamp="2022-07-08T15:06:31" time="10.862" tests="5">
    <testcase classname="SocketIoClientProxyService should be defined" name="SocketIoClientProxyService should be defined" time="0.037">
    </testcase>
    <testcase classname="SocketIoClientProxyService should connect" name="SocketIoClientProxyService should connect" time="0.099">
    </testcase>
    <testcase classname="SocketIoClientProxyService should close" name="SocketIoClientProxyService should close" time="0.018">
    </testcase>
    <testcase classname="SocketIoClientProxyService should dispatch" name="SocketIoClientProxyService should dispatch" time="0.254">
    </testcase>
    <testcase classname="SocketIoClientProxyService should dispatch timeout" name="SocketIoClientProxyService should dispatch timeout" time="0.055">
    </testcase>
  </testsuite>
  <testsuite name="ModuleModel model" errors="0" failures="0" skipped="0" timestamp="2022-07-08T15:06:40" time="2.329" tests="4">
    <testcase classname="ModuleModel model Should create a new module Model" name="ModuleModel model Should create a new module Model" time="0.002">
    </testcase>
    <testcase classname="ModuleModel model Should create a new module Model &amp; reconfigure module" name="ModuleModel model Should create a new module Model &amp; reconfigure module" time="0.002">
    </testcase>
    <testcase classname="ModuleModel model Should create a new module Model &amp; switch on wait 500 then switch off" name="ModuleModel model Should create a new module Model &amp; switch on wait 500 then switch off" time="2.002">
    </testcase>
    <testcase classname="ModuleModel model Should create a new module Model &amp; must raise error " name="ModuleModel model Should create a new module Model &amp; must raise error " time="0.011">
    </testcase>
  </testsuite>
  <testsuite name="StructureModel model" errors="0" failures="0" skipped="0" timestamp="2022-07-08T15:06:42" time="0.215" tests="1">
    <testcase classname="StructureModel model Should create a new structure Model" name="StructureModel model Should create a new structure Model" time="0.003">
    </testcase>
  </testsuite>
  <testsuite name="Process use case test" errors="0" failures="0" skipped="0" timestamp="2022-07-08T15:06:41" time="0.981" tests="1">
    <testcase classname="Process use case test Should execute process and return a response dto" name="Process use case test Should execute process and return a response dto" time="0.004">
    </testcase>
  </testsuite>
  <testsuite name="Process use case test" errors="0" failures="0" skipped="0" timestamp="2022-07-08T15:06:41" time="0.907" tests="1">
    <testcase classname="Process use case test Should execute process and return a response dto" name="Process use case test Should execute process and return a response dto" time="0.005">
    </testcase>
  </testsuite>
  <testsuite name="SequenceModel model" errors="0" failures="0" skipped="0" timestamp="2022-07-08T15:06:42" time="0.249" tests="5">
    <testcase classname="SequenceModel model Should create a new sequence Model" name="SequenceModel model Should create a new sequence Model" time="0.002">
    </testcase>
    <testcase classname="SequenceModel model Should create a new sequence Model &amp; Get modules" name="SequenceModel model Should create a new sequence Model &amp; Get modules" time="0.001">
    </testcase>
    <testcase classname="SequenceModel model Should create a new sequence Model &amp; Get structure" name="SequenceModel model Should create a new sequence Model &amp; Get structure" time="0.001">
    </testcase>
    <testcase classname="SequenceModel model Should create a new sequence Model &amp; check if module exists" name="SequenceModel model Should create a new sequence Model &amp; check if module exists" time="0.001">
    </testcase>
    <testcase classname="SequenceModel model Should create a new sequence Model &amp; reset it" name="SequenceModel model Should create a new sequence Model &amp; reset it" time="0.001">
    </testcase>
  </testsuite>
  <testsuite name="Process use case test" errors="0" failures="0" skipped="0" timestamp="2022-07-08T15:06:41" time="1.661" tests="1">
    <testcase classname="Process use case test Should execute process and return a response dto" name="Process use case test Should execute process and return a response dto" time="0.004">
    </testcase>
  </testsuite>
  <testsuite name="Notification Service unit testing " errors="0" failures="0" skipped="0" timestamp="2022-07-08T15:06:41" time="2.306" tests="1">
    <testcase classname="Notification Service unit testing  Should save configuration &amp; read It" name="Notification Service unit testing  Should save configuration &amp; read It" time="0.015">
    </testcase>
  </testsuite>
  <testsuite name="ExecutionModel model" errors="0" failures="0" skipped="0" timestamp="2022-07-08T15:06:31" time="13.532" tests="3">
    <testcase classname="ExecutionModel model Should create a new execution Sequence as task Model and execute It action:ON" name="ExecutionModel model Should create a new execution Sequence as task Model and execute It action:ON" time="0.066">
    </testcase>
    <testcase classname="ExecutionModel model Should create a new execution Sequence as task Model and execute It action:OFF" name="ExecutionModel model Should create a new execution Sequence as task Model and execute It action:OFF" time="0.003">
    </testcase>
    <testcase classname="ExecutionModel model Should create a new execution Cycle as task Model and execute It action:OFF" name="ExecutionModel model Should create a new execution Cycle as task Model and execute It action:OFF" time="4.009">
    </testcase>
  </testsuite>
  <testsuite name="Notification Service unit testing " errors="0" failures="0" skipped="0" timestamp="2022-07-08T15:06:31" time="15.544" tests="7">
    <testcase classname="Notification Service unit testing  Should execute process as cycle &amp; check status IN_PROCESS/STOPPED" name="Notification Service unit testing  Should execute process as cycle &amp; check status IN_PROCESS/STOPPED" time="1.155">
    </testcase>
    <testcase classname="Notification Service unit testing  Should execute process as sequence &amp; check status IN_PROCESS/STOPPED" name="Notification Service unit testing  Should execute process as sequence &amp; check status IN_PROCESS/STOPPED" time="1.006">
    </testcase>
    <testcase classname="Notification Service unit testing  Should return all notifications check conflicted" name="Notification Service unit testing  Should return all notifications check conflicted" time="1.02">
    </testcase>
    <testcase classname="Notification Service unit testing  Should proccess queue mode" name="Notification Service unit testing  Should proccess queue mode" time="0.004">
    </testcase>
    <testcase classname="Notification Service unit testing  Should return all notifications check conflicted" name="Notification Service unit testing  Should return all notifications check conflicted" time="1.02">
    </testcase>
    <testcase classname="Notification Service unit testing  Should fire error invalid Error struct" name="Notification Service unit testing  Should fire error invalid Error struct" time="0.007">
    </testcase>
    <testcase classname="Notification Service unit testing  Should catch async error on port configuration" name="Notification Service unit testing  Should catch async error on port configuration" time="0.02">
    </testcase>
  </testsuite>
</testsuites>