<?xml version="1.0" encoding="UTF-8"?>
<testsuites name="jest tests" tests="46" failures="0" errors="0" time="36.768">
  <testsuite name="ModuleModel model" errors="0" failures="0" skipped="0" timestamp="2022-07-30T18:30:36" time="18.82" tests="4">
    <testcase classname="ModuleModel model Should create a new module Model" name="ModuleModel model Should create a new module Model" time="0.015">
    </testcase>
    <testcase classname="ModuleModel model Should create a new module Model &amp; reconfigure module" name="ModuleModel model Should create a new module Model &amp; reconfigure module" time="0.022">
    </testcase>
    <testcase classname="ModuleModel model Should create a new module Model &amp; switch on wait 500 then switch off" name="ModuleModel model Should create a new module Model &amp; switch on wait 500 then switch off" time="2.014">
    </testcase>
    <testcase classname="ModuleModel model Should create a new module Model &amp; must raise error " name="ModuleModel model Should create a new module Model &amp; must raise error " time="0.057">
    </testcase>
  </testsuite>
  <testsuite name="SocketIoClientProxyService" errors="0" failures="0" skipped="0" timestamp="2022-07-30T18:30:36" time="19.113" tests="5">
    <testcase classname="SocketIoClientProxyService should be defined" name="SocketIoClientProxyService should be defined" time="0.083">
    </testcase>
    <testcase classname="SocketIoClientProxyService should connect" name="SocketIoClientProxyService should connect" time="0.064">
    </testcase>
    <testcase classname="SocketIoClientProxyService should close" name="SocketIoClientProxyService should close" time="0.028">
    </testcase>
    <testcase classname="SocketIoClientProxyService should dispatch" name="SocketIoClientProxyService should dispatch" time="0.233">
    </testcase>
    <testcase classname="SocketIoClientProxyService should dispatch timeout" name="SocketIoClientProxyService should dispatch timeout" time="0.069">
    </testcase>
  </testsuite>
  <testsuite name="Process use case test" errors="0" failures="0" skipped="0" timestamp="2022-07-30T18:30:36" time="20.131" tests="1">
    <testcase classname="Process use case test Should execute process and return a response dto" name="Process use case test Should execute process and return a response dto" time="0.019">
    </testcase>
  </testsuite>
  <testsuite name="CyleModel model" errors="0" failures="0" skipped="0" timestamp="2022-07-30T18:30:55" time="1.266" tests="5">
    <testcase classname="CyleModel model Should create a new cycle Model &amp; check its struct validity" name="CyleModel model Should create a new cycle Model &amp; check its struct validity" time="0.047">
    </testcase>
    <testcase classname="CyleModel model Should create a new cycle Model &amp; and exectStruct" name="CyleModel model Should create a new cycle Model &amp; and exectStruct" time="0.011">
    </testcase>
    <testcase classname="CyleModel model Should create a new cycle Model &amp; and get modules" name="CyleModel model Should create a new cycle Model &amp; and get modules" time="0.008">
    </testcase>
    <testcase classname="CyleModel model Should create a new cycle Model &amp; and check if module exists in this cycle" name="CyleModel model Should create a new cycle Model &amp; and check if module exists in this cycle" time="0.007">
    </testcase>
    <testcase classname="CyleModel model Should create a new cycle Model &amp; and reset it" name="CyleModel model Should create a new cycle Model &amp; and reset it" time="0.014">
    </testcase>
  </testsuite>
  <testsuite name="Process use case test" errors="0" failures="0" skipped="0" timestamp="2022-07-30T18:30:56" time="0.933" tests="1">
    <testcase classname="Process use case test Should execute process and return a response dto" name="Process use case test Should execute process and return a response dto" time="0.004">
    </testcase>
  </testsuite>
  <testsuite name="SocketIoClientProvider" errors="0" failures="0" skipped="0" timestamp="2022-07-30T18:30:57" time="1.32" tests="1">
    <testcase classname="SocketIoClientProvider should be defined" name="SocketIoClientProvider should be defined" time="0.036">
    </testcase>
  </testsuite>
  <testsuite name="SocketIoClientStrategy" errors="0" failures="0" skipped="0" timestamp="2022-07-30T18:30:55" time="3.306" tests="2">
    <testcase classname="SocketIoClientStrategy should be defined" name="SocketIoClientStrategy should be defined" time="0.183">
    </testcase>
    <testcase classname="SocketIoClientStrategy &amp; reuses provider.getSocket() should be defined" name="SocketIoClientStrategy &amp; reuses provider.getSocket() should be defined" time="0.026">
    </testcase>
  </testsuite>
  <testsuite name="Process use case test" errors="0" failures="0" skipped="0" timestamp="2022-07-30T18:30:58" time="2.362" tests="1">
    <testcase classname="Process use case test Should execute schedule sync and return a response dto" name="Process use case test Should execute schedule sync and return a response dto" time="0.009">
    </testcase>
  </testsuite>
  <testsuite name="Process use case test" errors="0" failures="0" skipped="0" timestamp="2022-07-30T18:31:01" time="1.494" tests="1">
    <testcase classname="Process use case test Should execute partial sync and return a response dto" name="Process use case test Should execute partial sync and return a response dto" time="0.004">
    </testcase>
  </testsuite>
  <testsuite name="Notification Service unit testing " errors="0" failures="0" skipped="0" timestamp="2022-07-30T18:30:58" time="4.441" tests="3">
    <testcase classname="Notification Service unit testing  Should initialize module process" name="Notification Service unit testing  Should initialize module process" time="0.228">
    </testcase>
    <testcase classname="Notification Service unit testing  Should fail module process" name="Notification Service unit testing  Should fail module process" time="0.117">
    </testcase>
    <testcase classname="Notification Service unit testing  Should fail module process cause resetAll " name="Notification Service unit testing  Should fail module process cause resetAll " time="0.049">
    </testcase>
  </testsuite>
  <testsuite name="ExecutionModel model" errors="0" failures="0" skipped="0" timestamp="2022-07-30T18:31:02" time="0.79" tests="1">
    <testcase classname="ExecutionModel model Should create a new execution Cycle as task Model and execute It action:ON" name="ExecutionModel model Should create a new execution Cycle as task Model and execute It action:ON" time="0.007">
    </testcase>
  </testsuite>
  <testsuite name="SequenceModel model" errors="0" failures="0" skipped="0" timestamp="2022-07-30T18:31:03" time="0.632" tests="2">
    <testcase classname="SequenceModel model Should create a new sequence Model" name="SequenceModel model Should create a new sequence Model" time="0.007">
    </testcase>
    <testcase classname="SequenceModel model Should create a new sequence Model &amp; reset it" name="SequenceModel model Should create a new sequence Model &amp; reset it" time="0.005">
    </testcase>
  </testsuite>
  <testsuite name="StructureModel model" errors="0" failures="0" skipped="0" timestamp="2022-07-30T18:31:04" time="0.602" tests="1">
    <testcase classname="StructureModel model Should create a new structure Model" name="StructureModel model Should create a new structure Model" time="0.007">
    </testcase>
  </testsuite>
  <testsuite name="Notification Service unit testing " errors="0" failures="0" skipped="0" timestamp="2022-07-30T18:31:05" time="0.559" tests="1">
    <testcase classname="Notification Service unit testing  Should get configuration" name="Notification Service unit testing  Should get configuration" time="0.009">
    </testcase>
  </testsuite>
  <testsuite name="Process use case test" errors="0" failures="0" skipped="0" timestamp="2022-07-30T18:31:05" time="1.413" tests="1">
    <testcase classname="Process use case test Should execute process and return a response dto" name="Process use case test Should execute process and return a response dto" time="0.006">
    </testcase>
  </testsuite>
  <testsuite name="Synchronize Service unit testing " errors="0" failures="0" skipped="0" timestamp="2022-07-30T18:30:57" time="11.779" tests="9">
    <testcase classname="Synchronize Service unit testing  Should save configuration" name="Synchronize Service unit testing  Should save configuration" time="0.174">
    </testcase>
    <testcase classname="Synchronize Service unit testing  Should save new cycle as partial configuration" name="Synchronize Service unit testing  Should save new cycle as partial configuration" time="0.068">
    </testcase>
    <testcase classname="Synchronize Service unit testing  Should update cycle &amp; sequence child as partial configuration" name="Synchronize Service unit testing  Should update cycle &amp; sequence child as partial configuration" time="0.047">
    </testcase>
    <testcase classname="Synchronize Service unit testing  Should delete cycle " name="Synchronize Service unit testing  Should delete cycle " time="0.084">
    </testcase>
    <testcase classname="Synchronize Service unit testing  Should delete sequence &amp; module from cycle " name="Synchronize Service unit testing  Should delete sequence &amp; module from cycle " time="0.047">
    </testcase>
    <testcase classname="Synchronize Service unit testing  Should save new schedule" name="Synchronize Service unit testing  Should save new schedule" time="3.285">
    </testcase>
    <testcase classname="Synchronize Service unit testing  Should delete schedule " name="Synchronize Service unit testing  Should delete schedule " time="0.056">
    </testcase>
    <testcase classname="Synchronize Service unit testing  Should update schedule " name="Synchronize Service unit testing  Should update schedule " time="0.055">
    </testcase>
    <testcase classname="Synchronize Service unit testing  Should save new schedule" name="Synchronize Service unit testing  Should save new schedule" time="3.062">
    </testcase>
  </testsuite>
  <testsuite name="Notification Service unit testing " errors="0" failures="0" skipped="0" timestamp="2022-07-30T18:31:02" time="8.536" tests="7">
    <testcase classname="Notification Service unit testing  Should execute process &amp; check status IN_PROCESS/STOPPED" name="Notification Service unit testing  Should execute process &amp; check status IN_PROCESS/STOPPED" time="1.153">
    </testcase>
    <testcase classname="Notification Service unit testing  Should switch process ON/OFF" name="Notification Service unit testing  Should switch process ON/OFF" time="1.139">
    </testcase>
    <testcase classname="Notification Service unit testing  Should manage conflicted processes" name="Notification Service unit testing  Should manage conflicted processes" time="1.21">
    </testcase>
    <testcase classname="Notification Service unit testing  Should execute proccess in queue mode" name="Notification Service unit testing  Should execute proccess in queue mode" time="0.094">
    </testcase>
    <testcase classname="Notification Service unit testing  Should return all notifications check conflicted" name="Notification Service unit testing  Should return all notifications check conflicted" time="1.108">
    </testcase>
    <testcase classname="Notification Service unit testing  Should fire error invalid Error struct" name="Notification Service unit testing  Should fire error invalid Error struct" time="0.135">
    </testcase>
    <testcase classname="Notification Service unit testing  Should manage async error on port configuration" name="Notification Service unit testing  Should manage async error on port configuration" time="1.103">
    </testcase>
  </testsuite>
</testsuites>