<?xml version="1.0" encoding="UTF-8"?>
<testsuites name="jest tests" tests="15" failures="0" errors="0" time="44.727">
  <testsuite name="CyleModel model" errors="0" failures="0" skipped="0" timestamp="2022-07-03T21:15:45" time="31.65" tests="5">
    <testcase classname="CyleModel model Should create a new cycle Model &amp; check its struct validity" name="CyleModel model Should create a new cycle Model &amp; check its struct validity" time="0.143">
    </testcase>
    <testcase classname="CyleModel model Should create a new cycle Model &amp; and exectStruct" name="CyleModel model Should create a new cycle Model &amp; and exectStruct" time="0.048">
    </testcase>
    <testcase classname="CyleModel model Should create a new cycle Model &amp; and get modules" name="CyleModel model Should create a new cycle Model &amp; and get modules" time="0.028">
    </testcase>
    <testcase classname="CyleModel model Should create a new cycle Model &amp; and check if module exists in this cycle" name="CyleModel model Should create a new cycle Model &amp; and check if module exists in this cycle" time="0.021">
    </testcase>
    <testcase classname="CyleModel model Should create a new cycle Model &amp; and reset it" name="CyleModel model Should create a new cycle Model &amp; and reset it" time="0.043">
    </testcase>
  </testsuite>
  <testsuite name="AppController" errors="0" failures="0" skipped="0" timestamp="2022-07-03T21:16:17" time="6.985" tests="1">
    <testcase classname="AppController root should return &quot;Hello World!&quot;" name="AppController root should return &quot;Hello World!&quot;" time="0.181">
    </testcase>
  </testsuite>
  <testsuite name="ExecutionModel model" errors="0" failures="0" skipped="0" timestamp="2022-07-03T21:16:24" time="1.488" tests="1">
    <testcase classname="ExecutionModel model Should create a new execution Model" name="ExecutionModel model Should create a new execution Model" time="0.008">
    </testcase>
  </testsuite>
  <testsuite name="SequenceModel model" errors="0" failures="0" skipped="0" timestamp="2022-07-03T21:16:26" time="1.003" tests="5">
    <testcase classname="SequenceModel model Should create a new sequence Model" name="SequenceModel model Should create a new sequence Model" time="0.022">
    </testcase>
    <testcase classname="SequenceModel model Should create a new sequence Model &amp; Get modules" name="SequenceModel model Should create a new sequence Model &amp; Get modules" time="0.017">
    </testcase>
    <testcase classname="SequenceModel model Should create a new sequence Model &amp; Get structure" name="SequenceModel model Should create a new sequence Model &amp; Get structure" time="0.018">
    </testcase>
    <testcase classname="SequenceModel model Should create a new sequence Model &amp; check if module exists" name="SequenceModel model Should create a new sequence Model &amp; check if module exists" time="0.014">
    </testcase>
    <testcase classname="SequenceModel model Should create a new sequence Model &amp; reset it" name="SequenceModel model Should create a new sequence Model &amp; reset it" time="0.021">
    </testcase>
  </testsuite>
  <testsuite name="ModuleModel model" errors="0" failures="0" skipped="0" timestamp="2022-07-03T21:16:27" time="0.858" tests="2">
    <testcase classname="ModuleModel model Should create a new module Model" name="ModuleModel model Should create a new module Model" time="0.011">
    </testcase>
    <testcase classname="ModuleModel model Should create a new module Model &amp; switch on wait 500 then switch off" name="ModuleModel model Should create a new module Model &amp; switch on wait 500 then switch off" time="0.01">
    </testcase>
  </testsuite>
  <testsuite name="StructureModel model" errors="0" failures="0" skipped="0" timestamp="2022-07-03T21:16:28" time="1.584" tests="1">
    <testcase classname="StructureModel model Should create a new structure Model" name="StructureModel model Should create a new structure Model" time="0.017">
    </testcase>
  </testsuite>
</testsuites>